<?xml version="1.0" encoding="UTF-8"?>
<!-- Generated by org.testng.reporters.JUnitReportReporter -->
<testsuite hostname="DESKTOP-8P2TMJA" failures="0" tests="1" name="com.lambdatest.Scenario3" time="24.615" errors="0" timestamp="2024-10-01T11:27:47 IST" skipped="0">
  <testcase classname="com.lambdatest.Scenario3" name="inputFormSubmitTest" time="24.615"/>
  <system-out/>
</testsuite> <!-- com.lambdatest.Scenario3 -->
