<?xml version="1.0" encoding="UTF-8"?>
<!-- Generated by org.testng.reporters.JUnitReportReporter -->
<testsuite hostname="DESKTOP-8P2TMJA" failures="0" tests="1" name="com.lambdatest.TestNGTodo1" time="21.284" errors="0" timestamp="2024-09-27T10:39:31 IST" skipped="0">
  <testcase classname="com.lambdatest.TestNGTodo1" name="basicTest" time="21.284"/>
  <system-out/>
</testsuite> <!-- com.lambdatest.TestNGTodo1 -->
